SF:lib/data/models/current_weather_model.dart
DA:4,4
DA:10,4
DA:18,3
DA:19,3
DA:20,6
DA:21,6
DA:22,6
DA:23,9
DA:24,3
LF:9
LH:9
end_of_record
SF:lib/domain/entities/weather_data.dart
DA:10,4
DA:18,3
DA:19,18
LF:3
LH:3
end_of_record
SF:lib/domain/usecases/get_current_weather.dart
DA:5,1
DA:9,1
DA:10,2
LF:3
LH:3
end_of_record
SF:lib/data/datasources/weather_data_remote_datasource.dart
DA:13,1
DA:17,1
DA:20,2
DA:21,1
DA:22,1
DA:30,1
DA:31,2
LF:7
LH:7
end_of_record
SF:lib/data/datasources/weather_data_local_datasource.dart
DA:12,1
DA:16,1
DA:19,2
DA:20,1
DA:21,0
DA:24,1
DA:25,1
LF:7
LH:6
end_of_record
SF:lib/core/network_info.dart
DA:8,1
DA:11,1
DA:13,2
DA:14,1
DA:15,0
LF:5
LH:4
end_of_record
